-------------------------------------------------------------------------------
Test set: com.max.back.common.TestJwt
-------------------------------------------------------------------------------
Tests run: 1, Failures: 0, Errors: 1, Skipped: 0, Time elapsed: 0.003 s <<< FAILURE! - in com.max.back.common.TestJwt
initializationError(com.max.back.common.TestJwt)  Time elapsed: 0.002 s  <<< ERROR!
java.lang.Exception: No runnable methods

